<?xml version="1.0" encoding="UTF-8"?>
<testng-results skipped="0" failed="0" ignored="0" total="4" passed="4">
  <reporter-output>
  </reporter-output>
  <suite name="All Test Suite" duration-ms="19795" started-at="2019-08-07T11:05:58Z" finished-at="2019-08-07T11:06:18Z">
    <groups>
    </groups>
    <test name="C:/TR_Store_Latest/MyTest" duration-ms="19795" started-at="2019-08-07T11:05:58Z" finished-at="2019-08-07T11:06:18Z">
      <class name="Testsecond">
        <test-method status="PASS" signature="Welcome()[pri:1, instance:Testsecond@6e3c1e69]" name="Welcome" duration-ms="1" started-at="2019-08-07T11:05:58Z" finished-at="2019-08-07T11:05:58Z">
          <reporter-output>
          </reporter-output>
        </test-method> <!-- Welcome -->
        <test-method status="PASS" signature="Driver()[pri:2, instance:Testsecond@6e3c1e69]" name="Driver" duration-ms="8630" started-at="2019-08-07T11:06:09Z" finished-at="2019-08-07T11:06:18Z">
          <reporter-output>
          </reporter-output>
        </test-method> <!-- Driver -->
      </class> <!-- Testsecond -->
      <class name="Welcome">
        <test-method status="PASS" signature="Welcome()[pri:1, instance:Welcome@2aaf7cc2]" name="Welcome" duration-ms="12" started-at="2019-08-07T11:05:58Z" finished-at="2019-08-07T11:05:58Z">
          <reporter-output>
          </reporter-output>
        </test-method> <!-- Welcome -->
        <test-method status="PASS" signature="Driver()[pri:2, instance:Welcome@2aaf7cc2]" name="Driver" duration-ms="11101" started-at="2019-08-07T11:05:58Z" finished-at="2019-08-07T11:06:09Z">
          <reporter-output>
          </reporter-output>
        </test-method> <!-- Driver -->
      </class> <!-- Welcome -->
    </test> <!-- C:/TR_Store_Latest/MyTest -->
  </suite> <!-- All Test Suite -->
</testng-results>
